<?xml version="1.0" encoding="UTF-8"?>
<robot generator="Robot 4.1.2 (Python 3.8.10 on linux)" generated="20211214 16:24:10.905" rpa="false" schemaversion="2">
<suite id="s1" name="Test" source="/home/luqman/PycharmProjects/Demo/test.robot">
<test id="s1-t1" name="Open Deriv">
<kw name="Login" library="common">
<arg>${VALID_USER}</arg>
<arg>${VALID_PWD}</arg>
<kw name="Open Browser" library="SeleniumLibrary">
<arg>url=https://app.deriv.com</arg>
<arg>browser=chrome</arg>
<doc>Opens a new browser instance to the optional ``url``.</doc>
<msg timestamp="20211214 16:24:10.993" level="INFO">Opening browser 'chrome' to base url 'https://app.deriv.com'.</msg>
<status status="PASS" starttime="20211214 16:24:10.993" endtime="20211214 16:24:24.735"/>
</kw>
<kw name="Set Window Size" library="SeleniumLibrary">
<arg>1280</arg>
<arg>1024</arg>
<doc>Sets current windows size to given ``width`` and ``height``.</doc>
<status status="PASS" starttime="20211214 16:24:24.735" endtime="20211214 16:24:24.869"/>
</kw>
<kw name="Wait Until Page Does Not Contain Element" library="SeleniumLibrary">
<arg>dt_core_header_acc-info-preloader</arg>
<arg>60</arg>
<doc>Waits until the element ``locator`` disappears from the current page.</doc>
<status status="PASS" starttime="20211214 16:24:24.870" endtime="20211214 16:24:24.904"/>
</kw>
<kw name="Wait Until Page Contains Element" library="SeleniumLibrary">
<arg>${login_btn}</arg>
<arg>60</arg>
<doc>Waits until the element ``locator`` appears on the current page.</doc>
<status status="PASS" starttime="20211214 16:24:24.904" endtime="20211214 16:24:24.919"/>
</kw>
<kw name="Click Element" library="SeleniumLibrary">
<arg>${login_btn}</arg>
<doc>Click the element identified by ``locator``.</doc>
<msg timestamp="20211214 16:24:24.919" level="INFO">Clicking element 'dt_login_button'.</msg>
<status status="PASS" starttime="20211214 16:24:24.919" endtime="20211214 16:24:24.969"/>
</kw>
<kw name="Wait Until Page Contains Element" library="SeleniumLibrary">
<arg>${email_field}</arg>
<arg>15</arg>
<doc>Waits until the element ``locator`` appears on the current page.</doc>
<status status="PASS" starttime="20211214 16:24:24.969" endtime="20211214 16:24:28.186"/>
</kw>
<kw name="Input Text" library="SeleniumLibrary">
<arg>${email_field}</arg>
<arg>${email}</arg>
<doc>Types the given ``text`` into the text field identified by ``locator``.</doc>
<msg timestamp="20211214 16:24:28.187" level="INFO">Typing text 'luqman@besquare.com.my' into text field 'name=email'.</msg>
<status status="PASS" starttime="20211214 16:24:28.186" endtime="20211214 16:24:28.238"/>
</kw>
<kw name="Input Text" library="SeleniumLibrary">
<arg>${pw_field}</arg>
<arg>${pwd}</arg>
<doc>Types the given ``text`` into the text field identified by ``locator``.</doc>
<msg timestamp="20211214 16:24:28.238" level="INFO">Typing text 'Hakim0212' into text field '//*[@type="password"]'.</msg>
<status status="PASS" starttime="20211214 16:24:28.238" endtime="20211214 16:24:28.287"/>
</kw>
<kw name="Click Element" library="SeleniumLibrary">
<arg>${login_auth_btn}</arg>
<doc>Click the element identified by ``locator``.</doc>
<msg timestamp="20211214 16:24:28.288" level="INFO">Clicking element '//*[text()="Log in"]'.</msg>
<status status="PASS" starttime="20211214 16:24:28.287" endtime="20211214 16:24:31.202"/>
</kw>
<kw name="Wait Until Page Does Not Contain Element" library="SeleniumLibrary">
<arg>dt_core_header_acc-info-preloader</arg>
<arg>60</arg>
<doc>Waits until the element ``locator`` disappears from the current page.</doc>
<status status="PASS" starttime="20211214 16:24:31.202" endtime="20211214 16:24:35.587"/>
</kw>
<kw name="Wait Until Page Does Not Contain Element" library="SeleniumLibrary">
<arg>//*[@aria-label="Loading interface..."]</arg>
<arg>60</arg>
<doc>Waits until the element ``locator`` disappears from the current page.</doc>
<status status="PASS" starttime="20211214 16:24:35.587" endtime="20211214 16:24:35.609"/>
</kw>
<status status="PASS" starttime="20211214 16:24:10.993" endtime="20211214 16:24:35.609"/>
</kw>
<kw name="Switch account" library="virtual">
<kw name="Wait Until Page Contains Element" library="SeleniumLibrary">
<arg>${icon_setting}</arg>
<arg>60</arg>
<doc>Waits until the element ``locator`` appears on the current page.</doc>
<status status="PASS" starttime="20211214 16:24:35.609" endtime="20211214 16:24:35.626"/>
</kw>
<kw name="Click Element" library="SeleniumLibrary">
<arg>${demo_switch_button}</arg>
<doc>Click the element identified by ``locator``.</doc>
<msg timestamp="20211214 16:24:35.627" level="INFO">Clicking element '//div[@id="dt_core_account-info_acc-info"]'.</msg>
<status status="PASS" starttime="20211214 16:24:35.626" endtime="20211214 16:24:35.678"/>
</kw>
<kw name="Click Element" library="SeleniumLibrary">
<arg>${demo_tab}</arg>
<doc>Click the element identified by ``locator``.</doc>
<msg timestamp="20211214 16:24:35.679" level="INFO">Clicking element '//*[@id="dt_core_account-switcher_demo-tab"]'.</msg>
<status status="PASS" starttime="20211214 16:24:35.678" endtime="20211214 16:24:35.725"/>
</kw>
<kw name="Click Element" library="SeleniumLibrary">
<arg>${switch_demo}</arg>
<doc>Click the element identified by ``locator``.</doc>
<msg timestamp="20211214 16:24:35.725" level="INFO">Clicking element '//*[@class="acc-switcher__id"]'.</msg>
<status status="PASS" starttime="20211214 16:24:35.725" endtime="20211214 16:24:35.798"/>
</kw>
<kw name="Reload Page" library="SeleniumLibrary">
<doc>Simulates user reloading page.</doc>
<status status="PASS" starttime="20211214 16:24:35.798" endtime="20211214 16:24:35.805"/>
</kw>
<kw name="Wait Until Page Does Not Contain Element" library="SeleniumLibrary">
<arg>//*[@class="chart-container__loader"]</arg>
<arg>60</arg>
<doc>Waits until the element ``locator`` disappears from the current page.</doc>
<status status="PASS" starttime="20211214 16:24:35.805" endtime="20211214 16:24:41.295"/>
</kw>
<status status="PASS" starttime="20211214 16:24:35.609" endtime="20211214 16:24:41.295"/>
</kw>
<kw name="API Token" library="API_token">
<kw name="Wait Until Page Contains Element" library="SeleniumLibrary">
<arg>${manage_acc}</arg>
<arg>60</arg>
<doc>Waits until the element ``locator`` appears on the current page.</doc>
<status status="PASS" starttime="20211214 16:24:41.295" endtime="20211214 16:24:41.307"/>
</kw>
<kw name="Click Element" library="SeleniumLibrary">
<arg>${manage_acc}</arg>
<doc>Click the element identified by ``locator``.</doc>
<msg timestamp="20211214 16:24:41.307" level="INFO">Clicking element '//*[@class="account-settings-toggle"]'.</msg>
<status status="PASS" starttime="20211214 16:24:41.307" endtime="20211214 16:24:41.414"/>
</kw>
<kw name="Wait Until Page Contains Element" library="SeleniumLibrary">
<arg>${clickAPI_token}</arg>
<arg>60</arg>
<doc>Waits until the element ``locator`` appears on the current page.</doc>
<status status="PASS" starttime="20211214 16:24:41.414" endtime="20211214 16:24:43.967"/>
</kw>
<kw name="Click Element" library="SeleniumLibrary">
<arg>${clickAPI_token}</arg>
<doc>Click the element identified by ``locator``.</doc>
<msg timestamp="20211214 16:24:43.968" level="INFO">Clicking element '//*[@id="/account/api-token"]'.</msg>
<status status="PASS" starttime="20211214 16:24:43.968" endtime="20211214 16:24:44.034"/>
</kw>
<kw name="Wait Until Page Contains Element" library="SeleniumLibrary">
<arg>${checkbox_read}</arg>
<arg>60</arg>
<doc>Waits until the element ``locator`` appears on the current page.</doc>
<status status="PASS" starttime="20211214 16:24:44.035" endtime="20211214 16:24:46.802"/>
</kw>
<kw name="Click Element" library="SeleniumLibrary">
<arg>${checkbox_read}</arg>
<doc>Click the element identified by ``locator``.</doc>
<msg timestamp="20211214 16:24:46.803" level="INFO">Clicking element '//*[text()="Read"]'.</msg>
<status status="PASS" starttime="20211214 16:24:46.803" endtime="20211214 16:24:46.853"/>
</kw>
<kw name="Click Element" library="SeleniumLibrary">
<arg>${checkbox_payments}</arg>
<doc>Click the element identified by ``locator``.</doc>
<msg timestamp="20211214 16:24:46.854" level="INFO">Clicking element '//*[text()="Payments"]'.</msg>
<status status="PASS" starttime="20211214 16:24:46.853" endtime="20211214 16:24:46.899"/>
</kw>
<kw name="Click Element" library="SeleniumLibrary">
<arg>${checkbox_tradingInfo}</arg>
<doc>Click the element identified by ``locator``.</doc>
<msg timestamp="20211214 16:24:46.899" level="INFO">Clicking element '//*[text()="Trading information"]'.</msg>
<status status="PASS" starttime="20211214 16:24:46.899" endtime="20211214 16:24:46.940"/>
</kw>
<kw name="Click Element" library="SeleniumLibrary">
<arg>${checkbox_trade}</arg>
<doc>Click the element identified by ``locator``.</doc>
<msg timestamp="20211214 16:24:46.940" level="INFO">Clicking element '//*[text()="Trade"]'.</msg>
<status status="PASS" starttime="20211214 16:24:46.940" endtime="20211214 16:24:46.981"/>
</kw>
<kw name="Click Element" library="SeleniumLibrary">
<arg>${checkbox_admin}</arg>
<doc>Click the element identified by ``locator``.</doc>
<msg timestamp="20211214 16:24:46.982" level="INFO">Clicking element '//*[text()="Admin"]'.</msg>
<status status="PASS" starttime="20211214 16:24:46.981" endtime="20211214 16:24:47.021"/>
</kw>
<kw name="Input Text" library="SeleniumLibrary">
<arg>//*[@class="dc-input__field"]</arg>
<arg>Mantyga</arg>
<doc>Types the given ``text`` into the text field identified by ``locator``.</doc>
<msg timestamp="20211214 16:24:47.021" level="INFO">Typing text 'Mantyga' into text field '//*[@class="dc-input__field"]'.</msg>
<status status="PASS" starttime="20211214 16:24:47.021" endtime="20211214 16:24:47.137"/>
</kw>
<kw name="Wait Until Page Contains Element" library="SeleniumLibrary">
<arg>${create_button}</arg>
<doc>Waits until the element ``locator`` appears on the current page.</doc>
<status status="PASS" starttime="20211214 16:24:47.137" endtime="20211214 16:24:47.149"/>
</kw>
<kw name="Click Element" library="SeleniumLibrary">
<arg>${create_button}</arg>
<doc>Click the element identified by ``locator``.</doc>
<msg timestamp="20211214 16:24:47.150" level="INFO">Clicking element '//*[@id="app_contents"]/div/div/div/div/div[2]/div/div[2]/div/section/div/div/form/div/div[2]/div[2]/div/div/div/button'.</msg>
<status status="PASS" starttime="20211214 16:24:47.149" endtime="20211214 16:24:47.195"/>
</kw>
<kw name="Click Element" library="SeleniumLibrary">
<arg>${copy_icon}</arg>
<doc>Click the element identified by ``locator``.</doc>
<msg timestamp="20211214 16:24:47.195" level="INFO">Clicking element '//*[@class="dc-icon dc-clipboard da-api-token__clipboard"]'.</msg>
<status status="PASS" starttime="20211214 16:24:47.195" endtime="20211214 16:24:47.239"/>
</kw>
<kw name="Wait Until Page Contains Element" library="SeleniumLibrary">
<arg>//*[text()="Token copied!"]</arg>
<arg>60</arg>
<doc>Waits until the element ``locator`` appears on the current page.</doc>
<status status="PASS" starttime="20211214 16:24:47.239" endtime="20211214 16:24:47.251"/>
</kw>
<kw name="Wait Until Page Does Not Contain Element" library="SeleniumLibrary">
<arg>//*[text()="Token copied!"]</arg>
<arg>60</arg>
<doc>Waits until the element ``locator`` disappears from the current page.</doc>
<status status="PASS" starttime="20211214 16:24:47.251" endtime="20211214 16:24:49.381"/>
</kw>
<kw name="Wait Until Page Contains Element" library="SeleniumLibrary">
<arg>${delete_button}</arg>
<doc>Waits until the element ``locator`` appears on the current page.</doc>
<status status="PASS" starttime="20211214 16:24:49.382" endtime="20211214 16:24:49.399"/>
</kw>
<kw name="Click Element" library="SeleniumLibrary">
<arg>${delete_button}</arg>
<doc>Click the element identified by ``locator``.</doc>
<msg timestamp="20211214 16:24:49.399" level="INFO">Clicking element '//*[@class="dc-btn dc-btn--secondary dc-btn__small"]'.</msg>
<status status="PASS" starttime="20211214 16:24:49.399" endtime="20211214 16:24:49.438"/>
</kw>
<kw name="Click Element" library="SeleniumLibrary">
<arg>${yes_delete}</arg>
<doc>Click the element identified by ``locator``.</doc>
<msg timestamp="20211214 16:24:49.439" level="INFO">Clicking element '//*[@id="app_contents"]/div/div/div/div/div[2]/div/div[2]/div/section/div/div/form/div/div[3]/div[2]/div/div/table/tbody/tr/td[5]/div/button[2]'.</msg>
<status status="PASS" starttime="20211214 16:24:49.438" endtime="20211214 16:24:49.479"/>
</kw>
<status status="PASS" starttime="20211214 16:24:41.295" endtime="20211214 16:24:49.479"/>
</kw>
<status status="PASS" starttime="20211214 16:24:10.992" endtime="20211214 16:24:49.480"/>
</test>
<status status="PASS" starttime="20211214 16:24:10.905" endtime="20211214 16:24:49.481"/>
</suite>
<statistics>
<total>
<stat pass="1" fail="0" skip="0">All Tests</stat>
</total>
<tag>
</tag>
<suite>
<stat pass="1" fail="0" skip="0" id="s1" name="Test">Test</stat>
</suite>
</statistics>
<errors>
</errors>
</robot>
